<?xml version="1.0" encoding="UTF-8"?>
<!-- Generated by org.testng.reporters.JUnitReportReporter -->
<testsuite hostname="LAPTOP-PP1PNQMU" failures="0" tests="1" name="Actitime.CreateUser.Test.Actitime_Create_user_Test" time="23.565" errors="0" timestamp="2023-03-20T11:43:36 IST" skipped="0">
  <testcase classname="Actitime.CreateUser.Test.Actitime_Create_user_Test" name="createUser" time="23.565"/>
  <system-out/>
</testsuite> <!-- Actitime.CreateUser.Test.Actitime_Create_user_Test -->
